<?xml version="1.0" encoding="UTF-8"?>
<!-- Generated by org.testng.reporters.JUnitReportReporter -->
<testsuite hostname="LAPTOP-HIKG7N16" failures="0" tests="1" name="THLan1.THLAn2" time="5.136" errors="0" timestamp="2024-04-13T09:31:43 ICT" skipped="0">
  <testcase classname="THLan1.THLAn2" name="Test_01" time="5.136"/>
  <system-out/>
</testsuite> <!-- THLan1.THLAn2 -->
