<?xml version="1.0" encoding="UTF-8"?>
<!-- Generated by org.testng.reporters.JUnitReportReporter -->
<testsuite hostname="LAPTOP-HIKG7N16" failures="0" tests="1" name="THLan1.BaiThucHanh" time="5.090" errors="0" timestamp="2024-05-13T15:15:04 ICT" skipped="0">
  <testcase classname="THLan1.BaiThucHanh" name="findSearchBox" time="5.090"/>
  <system-out/>
</testsuite> <!-- THLan1.BaiThucHanh -->
